<?xml version="1.0" encoding="UTF-8"?>
<!-- Generated by org.testng.reporters.JUnitReportReporter -->
<testsuite skipped="0" hostname="SP80585" name="testclasses.TC1_login_data_driven" tests="2" failures="0" timestamp="30 Jan 2020 20:04:15 GMT" time="52.455" errors="0">
  <testcase name="testCase1" time="27.753" classname="testclasses.TC1_login_data_driven"/>
  <testcase name="testCase1" time="24.702" classname="testclasses.TC1_login_data_driven"/>
</testsuite> <!-- testclasses.TC1_login_data_driven -->
