<?xml version="1.0" encoding="UTF-8"?>
<!-- Generated by org.testng.reporters.JUnitReportReporter -->
<testsuite skipped="0" hostname="SP80585" name="testclasses.TC1_login_and_verify_if_theres_email" tests="1" failures="0" timestamp="30 Jan 2020 19:55:05 GMT" time="24.960" errors="0">
  <testcase name="testCase1" time="24.960" classname="testclasses.TC1_login_and_verify_if_theres_email"/>
</testsuite> <!-- testclasses.TC1_login_and_verify_if_theres_email -->
