<?xml version="1.0" encoding="UTF-8"?>
<!-- Generated by org.testng.reporters.JUnitReportReporter -->
<testsuite skipped="0" hostname="SP80585" name="testclasses.Verify_email_function" tests="2" failures="0" timestamp="30 Jan 2020 20:14:58 GMT" time="50.925" errors="0">
  <testcase name="testCase1" time="26.040" classname="testclasses.Verify_email_function"/>
  <testcase name="testCase1" time="24.885" classname="testclasses.Verify_email_function"/>
</testsuite> <!-- testclasses.Verify_email_function -->
